[2020-05-28 09:07:45] DEBUG 137 statementLog - {conn-10001, pstmt-20000} created. select resource0_.rid as rid1_3_, resource0_.code as code2_3_, resource0_.createTime as createTi3_3_, resource0_.icon as icon4_3_, resource0_.method as method5_3_, resource0_.name as name6_3_, resource0_.parentId as parentId7_3_, resource0_.resourceType as resource8_3_, resource0_.status as status9_3_, resource0_.updateTime as updateT10_3_, resource0_.uri as uri11_3_ from sys_resource resource0_
[2020-05-28 09:07:45] DEBUG 137 statementLog - {conn-10001, pstmt-20000} Parameters : []
[2020-05-28 09:07:45] DEBUG 137 statementLog - {conn-10001, pstmt-20000} Types : []
[2020-05-28 09:07:45] DEBUG 137 statementLog - {conn-10001, pstmt-20000, rs-50000} query executed. 17.601232 millis. select resource0_.rid as rid1_3_, resource0_.code as code2_3_, resource0_.createTime as createTi3_3_, resource0_.icon as icon4_3_, resource0_.method as method5_3_, resource0_.name as name6_3_, resource0_.parentId as parentId7_3_, resource0_.resourceType as resource8_3_, resource0_.status as status9_3_, resource0_.updateTime as updateT10_3_, resource0_.uri as uri11_3_ from sys_resource resource0_
[2020-05-28 09:07:45] DEBUG 137 statementLog - {conn-10001, pstmt-20000} clearParameters. 
[2020-05-28 09:07:45] DEBUG 137 statementLog - {conn-10001, pstmt-20001} created. select rolelist0_.pid as pid1_6_0_, rolelist0_.rid as rid2_6_0_, role1_.rid as rid1_4_1_, role1_.createTime as createTi2_4_1_, role1_.description as descript3_4_1_, role1_.role as role4_4_1_, role1_.status as status5_4_1_, role1_.updateTime as updateTi6_4_1_ from sys_role_resource rolelist0_ inner join sys_role role1_ on rolelist0_.rid=role1_.rid where rolelist0_.pid=?
[2020-05-28 09:07:45] DEBUG 137 statementLog - {conn-10001, pstmt-20001} Parameters : [48]
[2020-05-28 09:07:45] DEBUG 137 statementLog - {conn-10001, pstmt-20001} Types : [INTEGER]
[2020-05-28 09:07:45] DEBUG 137 statementLog - {conn-10001, pstmt-20001, rs-50001} query executed. 2.884929 millis. select rolelist0_.pid as pid1_6_0_, rolelist0_.rid as rid2_6_0_, role1_.rid as rid1_4_1_, role1_.createTime as createTi2_4_1_, role1_.description as descript3_4_1_, role1_.role as role4_4_1_, role1_.status as status5_4_1_, role1_.updateTime as updateTi6_4_1_ from sys_role_resource rolelist0_ inner join sys_role role1_ on rolelist0_.rid=role1_.rid where rolelist0_.pid=?
[2020-05-28 09:07:45] DEBUG 137 statementLog - {conn-10001, pstmt-20001} clearParameters. 
[2020-05-28 09:07:45] DEBUG 137 statementLog - {conn-10001, pstmt-20001} Parameters : [47]
[2020-05-28 09:07:45] DEBUG 137 statementLog - {conn-10001, pstmt-20001} Types : [INTEGER]
[2020-05-28 09:07:45] DEBUG 137 statementLog - {conn-10001, pstmt-20001, rs-50002} query executed. 1.601122 millis. select rolelist0_.pid as pid1_6_0_, rolelist0_.rid as rid2_6_0_, role1_.rid as rid1_4_1_, role1_.createTime as createTi2_4_1_, role1_.description as descript3_4_1_, role1_.role as role4_4_1_, role1_.status as status5_4_1_, role1_.updateTime as updateTi6_4_1_ from sys_role_resource rolelist0_ inner join sys_role role1_ on rolelist0_.rid=role1_.rid where rolelist0_.pid=?
[2020-05-28 09:07:45] DEBUG 137 statementLog - {conn-10001, pstmt-20001} clearParameters. 
[2020-05-28 09:07:45] DEBUG 137 statementLog - {conn-10001, pstmt-20001} Parameters : [46]
[2020-05-28 09:07:45] DEBUG 137 statementLog - {conn-10001, pstmt-20001} Types : [INTEGER]
[2020-05-28 09:07:45] DEBUG 137 statementLog - {conn-10001, pstmt-20001, rs-50003} query executed. 2.594555 millis. select rolelist0_.pid as pid1_6_0_, rolelist0_.rid as rid2_6_0_, role1_.rid as rid1_4_1_, role1_.createTime as createTi2_4_1_, role1_.description as descript3_4_1_, role1_.role as role4_4_1_, role1_.status as status5_4_1_, role1_.updateTime as updateTi6_4_1_ from sys_role_resource rolelist0_ inner join sys_role role1_ on rolelist0_.rid=role1_.rid where rolelist0_.pid=?
[2020-05-28 09:07:45] DEBUG 137 statementLog - {conn-10001, pstmt-20001} clearParameters. 
[2020-05-28 09:07:45] DEBUG 137 statementLog - {conn-10001, pstmt-20001} Parameters : [45]
[2020-05-28 09:07:45] DEBUG 137 statementLog - {conn-10001, pstmt-20001} Types : [INTEGER]
[2020-05-28 09:07:45] DEBUG 137 statementLog - {conn-10001, pstmt-20001, rs-50004} query executed. 1.962487 millis. select rolelist0_.pid as pid1_6_0_, rolelist0_.rid as rid2_6_0_, role1_.rid as rid1_4_1_, role1_.createTime as createTi2_4_1_, role1_.description as descript3_4_1_, role1_.role as role4_4_1_, role1_.status as status5_4_1_, role1_.updateTime as updateTi6_4_1_ from sys_role_resource rolelist0_ inner join sys_role role1_ on rolelist0_.rid=role1_.rid where rolelist0_.pid=?
[2020-05-28 09:07:45] DEBUG 137 statementLog - {conn-10001, pstmt-20001} clearParameters. 
[2020-05-28 09:07:45] DEBUG 137 statementLog - {conn-10001, pstmt-20001} Parameters : [44]
[2020-05-28 09:07:45] DEBUG 137 statementLog - {conn-10001, pstmt-20001} Types : [INTEGER]
[2020-05-28 09:07:45] DEBUG 137 statementLog - {conn-10001, pstmt-20001, rs-50005} query executed. 2.133975 millis. select rolelist0_.pid as pid1_6_0_, rolelist0_.rid as rid2_6_0_, role1_.rid as rid1_4_1_, role1_.createTime as createTi2_4_1_, role1_.description as descript3_4_1_, role1_.role as role4_4_1_, role1_.status as status5_4_1_, role1_.updateTime as updateTi6_4_1_ from sys_role_resource rolelist0_ inner join sys_role role1_ on rolelist0_.rid=role1_.rid where rolelist0_.pid=?
[2020-05-28 09:07:45] DEBUG 137 statementLog - {conn-10001, pstmt-20001} clearParameters. 
[2020-05-28 09:07:45] DEBUG 137 statementLog - {conn-10001, pstmt-20001} Parameters : [43]
[2020-05-28 09:07:45] DEBUG 137 statementLog - {conn-10001, pstmt-20001} Types : [INTEGER]
[2020-05-28 09:07:45] DEBUG 137 statementLog - {conn-10001, pstmt-20001, rs-50006} query executed. 1.78544 millis. select rolelist0_.pid as pid1_6_0_, rolelist0_.rid as rid2_6_0_, role1_.rid as rid1_4_1_, role1_.createTime as createTi2_4_1_, role1_.description as descript3_4_1_, role1_.role as role4_4_1_, role1_.status as status5_4_1_, role1_.updateTime as updateTi6_4_1_ from sys_role_resource rolelist0_ inner join sys_role role1_ on rolelist0_.rid=role1_.rid where rolelist0_.pid=?
[2020-05-28 09:07:45] DEBUG 137 statementLog - {conn-10001, pstmt-20001} clearParameters. 
[2020-05-28 09:07:45] DEBUG 137 statementLog - {conn-10001, pstmt-20001} Parameters : [42]
[2020-05-28 09:07:45] DEBUG 137 statementLog - {conn-10001, pstmt-20001} Types : [INTEGER]
[2020-05-28 09:07:45] DEBUG 137 statementLog - {conn-10001, pstmt-20001, rs-50007} query executed. 2.252435 millis. select rolelist0_.pid as pid1_6_0_, rolelist0_.rid as rid2_6_0_, role1_.rid as rid1_4_1_, role1_.createTime as createTi2_4_1_, role1_.description as descript3_4_1_, role1_.role as role4_4_1_, role1_.status as status5_4_1_, role1_.updateTime as updateTi6_4_1_ from sys_role_resource rolelist0_ inner join sys_role role1_ on rolelist0_.rid=role1_.rid where rolelist0_.pid=?
[2020-05-28 09:07:45] DEBUG 137 statementLog - {conn-10001, pstmt-20001} clearParameters. 
[2020-05-28 09:07:45] DEBUG 137 statementLog - {conn-10001, pstmt-20001} Parameters : [41]
[2020-05-28 09:07:45] DEBUG 137 statementLog - {conn-10001, pstmt-20001} Types : [INTEGER]
[2020-05-28 09:07:45] DEBUG 137 statementLog - {conn-10001, pstmt-20001, rs-50008} query executed. 1.709746 millis. select rolelist0_.pid as pid1_6_0_, rolelist0_.rid as rid2_6_0_, role1_.rid as rid1_4_1_, role1_.createTime as createTi2_4_1_, role1_.description as descript3_4_1_, role1_.role as role4_4_1_, role1_.status as status5_4_1_, role1_.updateTime as updateTi6_4_1_ from sys_role_resource rolelist0_ inner join sys_role role1_ on rolelist0_.rid=role1_.rid where rolelist0_.pid=?
[2020-05-28 09:07:45] DEBUG 137 statementLog - {conn-10001, pstmt-20001} clearParameters. 
[2020-05-28 09:07:45] DEBUG 137 statementLog - {conn-10001, pstmt-20001} Parameters : [40]
[2020-05-28 09:07:45] DEBUG 137 statementLog - {conn-10001, pstmt-20001} Types : [INTEGER]
[2020-05-28 09:07:45] DEBUG 137 statementLog - {conn-10001, pstmt-20001, rs-50009} query executed. 1.826067 millis. select rolelist0_.pid as pid1_6_0_, rolelist0_.rid as rid2_6_0_, role1_.rid as rid1_4_1_, role1_.createTime as createTi2_4_1_, role1_.description as descript3_4_1_, role1_.role as role4_4_1_, role1_.status as status5_4_1_, role1_.updateTime as updateTi6_4_1_ from sys_role_resource rolelist0_ inner join sys_role role1_ on rolelist0_.rid=role1_.rid where rolelist0_.pid=?
[2020-05-28 09:07:45] DEBUG 137 statementLog - {conn-10001, pstmt-20001} clearParameters. 
[2020-05-28 09:07:45] DEBUG 137 statementLog - {conn-10001, pstmt-20001} Parameters : [39]
[2020-05-28 09:07:45] DEBUG 137 statementLog - {conn-10001, pstmt-20001} Types : [INTEGER]
[2020-05-28 09:07:45] DEBUG 137 statementLog - {conn-10001, pstmt-20001, rs-50010} query executed. 1.613953 millis. select rolelist0_.pid as pid1_6_0_, rolelist0_.rid as rid2_6_0_, role1_.rid as rid1_4_1_, role1_.createTime as createTi2_4_1_, role1_.description as descript3_4_1_, role1_.role as role4_4_1_, role1_.status as status5_4_1_, role1_.updateTime as updateTi6_4_1_ from sys_role_resource rolelist0_ inner join sys_role role1_ on rolelist0_.rid=role1_.rid where rolelist0_.pid=?
[2020-05-28 09:07:45] DEBUG 137 statementLog - {conn-10001, pstmt-20001} clearParameters. 
[2020-05-28 09:07:45] DEBUG 137 statementLog - {conn-10001, pstmt-20001} Parameters : [38]
[2020-05-28 09:07:45] DEBUG 137 statementLog - {conn-10001, pstmt-20001} Types : [INTEGER]
[2020-05-28 09:07:45] DEBUG 137 statementLog - {conn-10001, pstmt-20001, rs-50011} query executed. 1.885938 millis. select rolelist0_.pid as pid1_6_0_, rolelist0_.rid as rid2_6_0_, role1_.rid as rid1_4_1_, role1_.createTime as createTi2_4_1_, role1_.description as descript3_4_1_, role1_.role as role4_4_1_, role1_.status as status5_4_1_, role1_.updateTime as updateTi6_4_1_ from sys_role_resource rolelist0_ inner join sys_role role1_ on rolelist0_.rid=role1_.rid where rolelist0_.pid=?
[2020-05-28 09:07:45] DEBUG 137 statementLog - {conn-10001, pstmt-20001} clearParameters. 
[2020-05-28 09:07:45] DEBUG 137 statementLog - {conn-10001, pstmt-20001} Parameters : [37]
[2020-05-28 09:07:45] DEBUG 137 statementLog - {conn-10001, pstmt-20001} Types : [INTEGER]
[2020-05-28 09:07:45] DEBUG 137 statementLog - {conn-10001, pstmt-20001, rs-50012} query executed. 2.39527 millis. select rolelist0_.pid as pid1_6_0_, rolelist0_.rid as rid2_6_0_, role1_.rid as rid1_4_1_, role1_.createTime as createTi2_4_1_, role1_.description as descript3_4_1_, role1_.role as role4_4_1_, role1_.status as status5_4_1_, role1_.updateTime as updateTi6_4_1_ from sys_role_resource rolelist0_ inner join sys_role role1_ on rolelist0_.rid=role1_.rid where rolelist0_.pid=?
[2020-05-28 09:07:45] DEBUG 137 statementLog - {conn-10001, pstmt-20001} clearParameters. 
[2020-05-28 09:07:45] DEBUG 137 statementLog - {conn-10001, pstmt-20001} Parameters : [36]
[2020-05-28 09:07:45] DEBUG 137 statementLog - {conn-10001, pstmt-20001} Types : [INTEGER]
[2020-05-28 09:07:45] DEBUG 137 statementLog - {conn-10001, pstmt-20001, rs-50013} query executed. 2.168615 millis. select rolelist0_.pid as pid1_6_0_, rolelist0_.rid as rid2_6_0_, role1_.rid as rid1_4_1_, role1_.createTime as createTi2_4_1_, role1_.description as descript3_4_1_, role1_.role as role4_4_1_, role1_.status as status5_4_1_, role1_.updateTime as updateTi6_4_1_ from sys_role_resource rolelist0_ inner join sys_role role1_ on rolelist0_.rid=role1_.rid where rolelist0_.pid=?
[2020-05-28 09:07:45] DEBUG 137 statementLog - {conn-10001, pstmt-20001} clearParameters. 
[2020-05-28 09:07:45] DEBUG 137 statementLog - {conn-10001, pstmt-20001} Parameters : [35]
[2020-05-28 09:07:45] DEBUG 137 statementLog - {conn-10001, pstmt-20001} Types : [INTEGER]
[2020-05-28 09:07:45] DEBUG 137 statementLog - {conn-10001, pstmt-20001, rs-50014} query executed. 2.012094 millis. select rolelist0_.pid as pid1_6_0_, rolelist0_.rid as rid2_6_0_, role1_.rid as rid1_4_1_, role1_.createTime as createTi2_4_1_, role1_.description as descript3_4_1_, role1_.role as role4_4_1_, role1_.status as status5_4_1_, role1_.updateTime as updateTi6_4_1_ from sys_role_resource rolelist0_ inner join sys_role role1_ on rolelist0_.rid=role1_.rid where rolelist0_.pid=?
[2020-05-28 09:07:45] DEBUG 137 statementLog - {conn-10001, pstmt-20001} clearParameters. 
[2020-05-28 09:07:45] DEBUG 137 statementLog - {conn-10001, pstmt-20001} Parameters : [34]
[2020-05-28 09:07:45] DEBUG 137 statementLog - {conn-10001, pstmt-20001} Types : [INTEGER]
[2020-05-28 09:07:45] DEBUG 137 statementLog - {conn-10001, pstmt-20001, rs-50015} query executed. 1.930842 millis. select rolelist0_.pid as pid1_6_0_, rolelist0_.rid as rid2_6_0_, role1_.rid as rid1_4_1_, role1_.createTime as createTi2_4_1_, role1_.description as descript3_4_1_, role1_.role as role4_4_1_, role1_.status as status5_4_1_, role1_.updateTime as updateTi6_4_1_ from sys_role_resource rolelist0_ inner join sys_role role1_ on rolelist0_.rid=role1_.rid where rolelist0_.pid=?
[2020-05-28 09:07:45] DEBUG 137 statementLog - {conn-10001, pstmt-20001} clearParameters. 
[2020-05-28 09:07:45] DEBUG 137 statementLog - {conn-10001, pstmt-20001} Parameters : [33]
[2020-05-28 09:07:45] DEBUG 137 statementLog - {conn-10001, pstmt-20001} Types : [INTEGER]
[2020-05-28 09:07:45] DEBUG 137 statementLog - {conn-10001, pstmt-20001, rs-50016} query executed. 1.602834 millis. select rolelist0_.pid as pid1_6_0_, rolelist0_.rid as rid2_6_0_, role1_.rid as rid1_4_1_, role1_.createTime as createTi2_4_1_, role1_.description as descript3_4_1_, role1_.role as role4_4_1_, role1_.status as status5_4_1_, role1_.updateTime as updateTi6_4_1_ from sys_role_resource rolelist0_ inner join sys_role role1_ on rolelist0_.rid=role1_.rid where rolelist0_.pid=?
[2020-05-28 09:07:45] DEBUG 137 statementLog - {conn-10001, pstmt-20001} clearParameters. 
[2020-05-28 09:07:45] DEBUG 137 statementLog - {conn-10001, pstmt-20001} Parameters : [32]
[2020-05-28 09:07:45] DEBUG 137 statementLog - {conn-10001, pstmt-20001} Types : [INTEGER]
[2020-05-28 09:07:45] DEBUG 137 statementLog - {conn-10001, pstmt-20001, rs-50017} query executed. 3.499463 millis. select rolelist0_.pid as pid1_6_0_, rolelist0_.rid as rid2_6_0_, role1_.rid as rid1_4_1_, role1_.createTime as createTi2_4_1_, role1_.description as descript3_4_1_, role1_.role as role4_4_1_, role1_.status as status5_4_1_, role1_.updateTime as updateTi6_4_1_ from sys_role_resource rolelist0_ inner join sys_role role1_ on rolelist0_.rid=role1_.rid where rolelist0_.pid=?
[2020-05-28 09:07:45] DEBUG 137 statementLog - {conn-10001, pstmt-20001} clearParameters. 
[2020-05-28 09:07:45] DEBUG 137 statementLog - {conn-10001, pstmt-20001} Parameters : [31]
[2020-05-28 09:07:45] DEBUG 137 statementLog - {conn-10001, pstmt-20001} Types : [INTEGER]
[2020-05-28 09:07:45] DEBUG 137 statementLog - {conn-10001, pstmt-20001, rs-50018} query executed. 2.146805 millis. select rolelist0_.pid as pid1_6_0_, rolelist0_.rid as rid2_6_0_, role1_.rid as rid1_4_1_, role1_.createTime as createTi2_4_1_, role1_.description as descript3_4_1_, role1_.role as role4_4_1_, role1_.status as status5_4_1_, role1_.updateTime as updateTi6_4_1_ from sys_role_resource rolelist0_ inner join sys_role role1_ on rolelist0_.rid=role1_.rid where rolelist0_.pid=?
[2020-05-28 09:07:45] DEBUG 137 statementLog - {conn-10001, pstmt-20001} clearParameters. 
[2020-05-28 09:07:45] DEBUG 137 statementLog - {conn-10001, pstmt-20001} Parameters : [30]
[2020-05-28 09:07:45] DEBUG 137 statementLog - {conn-10001, pstmt-20001} Types : [INTEGER]
[2020-05-28 09:07:45] DEBUG 137 statementLog - {conn-10001, pstmt-20001, rs-50019} query executed. 2.236184 millis. select rolelist0_.pid as pid1_6_0_, rolelist0_.rid as rid2_6_0_, role1_.rid as rid1_4_1_, role1_.createTime as createTi2_4_1_, role1_.description as descript3_4_1_, role1_.role as role4_4_1_, role1_.status as status5_4_1_, role1_.updateTime as updateTi6_4_1_ from sys_role_resource rolelist0_ inner join sys_role role1_ on rolelist0_.rid=role1_.rid where rolelist0_.pid=?
[2020-05-28 09:07:45] DEBUG 137 statementLog - {conn-10001, pstmt-20001} clearParameters. 
[2020-05-28 09:07:45] DEBUG 137 statementLog - {conn-10001, pstmt-20001} Parameters : [29]
[2020-05-28 09:07:45] DEBUG 137 statementLog - {conn-10001, pstmt-20001} Types : [INTEGER]
[2020-05-28 09:07:45] DEBUG 137 statementLog - {conn-10001, pstmt-20001, rs-50020} query executed. 1.944526 millis. select rolelist0_.pid as pid1_6_0_, rolelist0_.rid as rid2_6_0_, role1_.rid as rid1_4_1_, role1_.createTime as createTi2_4_1_, role1_.description as descript3_4_1_, role1_.role as role4_4_1_, role1_.status as status5_4_1_, role1_.updateTime as updateTi6_4_1_ from sys_role_resource rolelist0_ inner join sys_role role1_ on rolelist0_.rid=role1_.rid where rolelist0_.pid=?
[2020-05-28 09:07:45] DEBUG 137 statementLog - {conn-10001, pstmt-20001} clearParameters. 
[2020-05-28 09:07:45] DEBUG 137 statementLog - {conn-10001, pstmt-20001} Parameters : [28]
[2020-05-28 09:07:45] DEBUG 137 statementLog - {conn-10001, pstmt-20001} Types : [INTEGER]
[2020-05-28 09:07:45] DEBUG 137 statementLog - {conn-10001, pstmt-20001, rs-50021} query executed. 2.077098 millis. select rolelist0_.pid as pid1_6_0_, rolelist0_.rid as rid2_6_0_, role1_.rid as rid1_4_1_, role1_.createTime as createTi2_4_1_, role1_.description as descript3_4_1_, role1_.role as role4_4_1_, role1_.status as status5_4_1_, role1_.updateTime as updateTi6_4_1_ from sys_role_resource rolelist0_ inner join sys_role role1_ on rolelist0_.rid=role1_.rid where rolelist0_.pid=?
[2020-05-28 09:07:45] DEBUG 137 statementLog - {conn-10001, pstmt-20001} clearParameters. 
[2020-05-28 09:07:45] DEBUG 137 statementLog - {conn-10001, pstmt-20001} Parameters : [27]
[2020-05-28 09:07:45] DEBUG 137 statementLog - {conn-10001, pstmt-20001} Types : [INTEGER]
[2020-05-28 09:07:45] DEBUG 137 statementLog - {conn-10001, pstmt-20001, rs-50022} query executed. 6.649535 millis. select rolelist0_.pid as pid1_6_0_, rolelist0_.rid as rid2_6_0_, role1_.rid as rid1_4_1_, role1_.createTime as createTi2_4_1_, role1_.description as descript3_4_1_, role1_.role as role4_4_1_, role1_.status as status5_4_1_, role1_.updateTime as updateTi6_4_1_ from sys_role_resource rolelist0_ inner join sys_role role1_ on rolelist0_.rid=role1_.rid where rolelist0_.pid=?
[2020-05-28 09:07:45] DEBUG 137 statementLog - {conn-10001, pstmt-20001} clearParameters. 
[2020-05-28 09:07:45] DEBUG 137 statementLog - {conn-10001, pstmt-20001} Parameters : [26]
[2020-05-28 09:07:45] DEBUG 137 statementLog - {conn-10001, pstmt-20001} Types : [INTEGER]
[2020-05-28 09:07:45] DEBUG 137 statementLog - {conn-10001, pstmt-20001, rs-50023} query executed. 2.315726 millis. select rolelist0_.pid as pid1_6_0_, rolelist0_.rid as rid2_6_0_, role1_.rid as rid1_4_1_, role1_.createTime as createTi2_4_1_, role1_.description as descript3_4_1_, role1_.role as role4_4_1_, role1_.status as status5_4_1_, role1_.updateTime as updateTi6_4_1_ from sys_role_resource rolelist0_ inner join sys_role role1_ on rolelist0_.rid=role1_.rid where rolelist0_.pid=?
[2020-05-28 09:07:45] DEBUG 137 statementLog - {conn-10001, pstmt-20001} clearParameters. 
[2020-05-28 09:07:45] DEBUG 137 statementLog - {conn-10001, pstmt-20001} Parameters : [25]
[2020-05-28 09:07:45] DEBUG 137 statementLog - {conn-10001, pstmt-20001} Types : [INTEGER]
[2020-05-28 09:07:45] DEBUG 137 statementLog - {conn-10001, pstmt-20001, rs-50024} query executed. 4.211928 millis. select rolelist0_.pid as pid1_6_0_, rolelist0_.rid as rid2_6_0_, role1_.rid as rid1_4_1_, role1_.createTime as createTi2_4_1_, role1_.description as descript3_4_1_, role1_.role as role4_4_1_, role1_.status as status5_4_1_, role1_.updateTime as updateTi6_4_1_ from sys_role_resource rolelist0_ inner join sys_role role1_ on rolelist0_.rid=role1_.rid where rolelist0_.pid=?
[2020-05-28 09:07:45] DEBUG 137 statementLog - {conn-10001, pstmt-20001} clearParameters. 
[2020-05-28 09:07:45] DEBUG 137 statementLog - {conn-10001, pstmt-20001} Parameters : [24]
[2020-05-28 09:07:45] DEBUG 137 statementLog - {conn-10001, pstmt-20001} Types : [INTEGER]
[2020-05-28 09:07:45] DEBUG 137 statementLog - {conn-10001, pstmt-20001, rs-50025} query executed. 2.242171 millis. select rolelist0_.pid as pid1_6_0_, rolelist0_.rid as rid2_6_0_, role1_.rid as rid1_4_1_, role1_.createTime as createTi2_4_1_, role1_.description as descript3_4_1_, role1_.role as role4_4_1_, role1_.status as status5_4_1_, role1_.updateTime as updateTi6_4_1_ from sys_role_resource rolelist0_ inner join sys_role role1_ on rolelist0_.rid=role1_.rid where rolelist0_.pid=?
[2020-05-28 09:07:45] DEBUG 137 statementLog - {conn-10001, pstmt-20001} clearParameters. 
[2020-05-28 09:07:45] DEBUG 137 statementLog - {conn-10001, pstmt-20001} Parameters : [23]
[2020-05-28 09:07:45] DEBUG 137 statementLog - {conn-10001, pstmt-20001} Types : [INTEGER]
[2020-05-28 09:07:45] DEBUG 137 statementLog - {conn-10001, pstmt-20001, rs-50026} query executed. 1.880806 millis. select rolelist0_.pid as pid1_6_0_, rolelist0_.rid as rid2_6_0_, role1_.rid as rid1_4_1_, role1_.createTime as createTi2_4_1_, role1_.description as descript3_4_1_, role1_.role as role4_4_1_, role1_.status as status5_4_1_, role1_.updateTime as updateTi6_4_1_ from sys_role_resource rolelist0_ inner join sys_role role1_ on rolelist0_.rid=role1_.rid where rolelist0_.pid=?
[2020-05-28 09:07:45] DEBUG 137 statementLog - {conn-10001, pstmt-20001} clearParameters. 
[2020-05-28 09:07:45] DEBUG 137 statementLog - {conn-10001, pstmt-20001} Parameters : [22]
[2020-05-28 09:07:45] DEBUG 137 statementLog - {conn-10001, pstmt-20001} Types : [INTEGER]
[2020-05-28 09:07:45] DEBUG 137 statementLog - {conn-10001, pstmt-20001, rs-50027} query executed. 2.442311 millis. select rolelist0_.pid as pid1_6_0_, rolelist0_.rid as rid2_6_0_, role1_.rid as rid1_4_1_, role1_.createTime as createTi2_4_1_, role1_.description as descript3_4_1_, role1_.role as role4_4_1_, role1_.status as status5_4_1_, role1_.updateTime as updateTi6_4_1_ from sys_role_resource rolelist0_ inner join sys_role role1_ on rolelist0_.rid=role1_.rid where rolelist0_.pid=?
[2020-05-28 09:07:45] DEBUG 137 statementLog - {conn-10001, pstmt-20001} clearParameters. 
[2020-05-28 09:07:45] DEBUG 137 statementLog - {conn-10001, pstmt-20001} Parameters : [21]
[2020-05-28 09:07:45] DEBUG 137 statementLog - {conn-10001, pstmt-20001} Types : [INTEGER]
[2020-05-28 09:07:45] DEBUG 137 statementLog - {conn-10001, pstmt-20001, rs-50028} query executed. 1.723003 millis. select rolelist0_.pid as pid1_6_0_, rolelist0_.rid as rid2_6_0_, role1_.rid as rid1_4_1_, role1_.createTime as createTi2_4_1_, role1_.description as descript3_4_1_, role1_.role as role4_4_1_, role1_.status as status5_4_1_, role1_.updateTime as updateTi6_4_1_ from sys_role_resource rolelist0_ inner join sys_role role1_ on rolelist0_.rid=role1_.rid where rolelist0_.pid=?
[2020-05-28 09:07:45] DEBUG 137 statementLog - {conn-10001, pstmt-20001} clearParameters. 
[2020-05-28 09:07:45] DEBUG 137 statementLog - {conn-10001, pstmt-20001} Parameters : [20]
[2020-05-28 09:07:45] DEBUG 137 statementLog - {conn-10001, pstmt-20001} Types : [INTEGER]
[2020-05-28 09:07:45] DEBUG 137 statementLog - {conn-10001, pstmt-20001, rs-50029} query executed. 2.193847 millis. select rolelist0_.pid as pid1_6_0_, rolelist0_.rid as rid2_6_0_, role1_.rid as rid1_4_1_, role1_.createTime as createTi2_4_1_, role1_.description as descript3_4_1_, role1_.role as role4_4_1_, role1_.status as status5_4_1_, role1_.updateTime as updateTi6_4_1_ from sys_role_resource rolelist0_ inner join sys_role role1_ on rolelist0_.rid=role1_.rid where rolelist0_.pid=?
[2020-05-28 09:07:45] DEBUG 137 statementLog - {conn-10001, pstmt-20001} clearParameters. 
[2020-05-28 09:07:45] DEBUG 137 statementLog - {conn-10001, pstmt-20001} Parameters : [19]
[2020-05-28 09:07:45] DEBUG 137 statementLog - {conn-10001, pstmt-20001} Types : [INTEGER]
[2020-05-28 09:07:45] DEBUG 137 statementLog - {conn-10001, pstmt-20001, rs-50030} query executed. 1.847877 millis. select rolelist0_.pid as pid1_6_0_, rolelist0_.rid as rid2_6_0_, role1_.rid as rid1_4_1_, role1_.createTime as createTi2_4_1_, role1_.description as descript3_4_1_, role1_.role as role4_4_1_, role1_.status as status5_4_1_, role1_.updateTime as updateTi6_4_1_ from sys_role_resource rolelist0_ inner join sys_role role1_ on rolelist0_.rid=role1_.rid where rolelist0_.pid=?
[2020-05-28 09:07:45] DEBUG 137 statementLog - {conn-10001, pstmt-20001} clearParameters. 
[2020-05-28 09:07:45] DEBUG 137 statementLog - {conn-10001, pstmt-20001} Parameters : [18]
[2020-05-28 09:07:45] DEBUG 137 statementLog - {conn-10001, pstmt-20001} Types : [INTEGER]
[2020-05-28 09:07:45] DEBUG 137 statementLog - {conn-10001, pstmt-20001, rs-50031} query executed. 1.92015 millis. select rolelist0_.pid as pid1_6_0_, rolelist0_.rid as rid2_6_0_, role1_.rid as rid1_4_1_, role1_.createTime as createTi2_4_1_, role1_.description as descript3_4_1_, role1_.role as role4_4_1_, role1_.status as status5_4_1_, role1_.updateTime as updateTi6_4_1_ from sys_role_resource rolelist0_ inner join sys_role role1_ on rolelist0_.rid=role1_.rid where rolelist0_.pid=?
[2020-05-28 09:07:45] DEBUG 137 statementLog - {conn-10001, pstmt-20001} clearParameters. 
[2020-05-28 09:07:45] DEBUG 137 statementLog - {conn-10001, pstmt-20001} Parameters : [17]
[2020-05-28 09:07:45] DEBUG 137 statementLog - {conn-10001, pstmt-20001} Types : [INTEGER]
[2020-05-28 09:07:45] DEBUG 137 statementLog - {conn-10001, pstmt-20001, rs-50032} query executed. 1.697772 millis. select rolelist0_.pid as pid1_6_0_, rolelist0_.rid as rid2_6_0_, role1_.rid as rid1_4_1_, role1_.createTime as createTi2_4_1_, role1_.description as descript3_4_1_, role1_.role as role4_4_1_, role1_.status as status5_4_1_, role1_.updateTime as updateTi6_4_1_ from sys_role_resource rolelist0_ inner join sys_role role1_ on rolelist0_.rid=role1_.rid where rolelist0_.pid=?
[2020-05-28 09:07:45] DEBUG 137 statementLog - {conn-10001, pstmt-20001} clearParameters. 
[2020-05-28 09:07:45] DEBUG 137 statementLog - {conn-10001, pstmt-20001} Parameters : [15]
[2020-05-28 09:07:45] DEBUG 137 statementLog - {conn-10001, pstmt-20001} Types : [INTEGER]
[2020-05-28 09:07:45] DEBUG 137 statementLog - {conn-10001, pstmt-20001, rs-50033} query executed. 2.571889 millis. select rolelist0_.pid as pid1_6_0_, rolelist0_.rid as rid2_6_0_, role1_.rid as rid1_4_1_, role1_.createTime as createTi2_4_1_, role1_.description as descript3_4_1_, role1_.role as role4_4_1_, role1_.status as status5_4_1_, role1_.updateTime as updateTi6_4_1_ from sys_role_resource rolelist0_ inner join sys_role role1_ on rolelist0_.rid=role1_.rid where rolelist0_.pid=?
[2020-05-28 09:07:45] DEBUG 137 statementLog - {conn-10001, pstmt-20001} clearParameters. 
[2020-05-28 09:07:45] DEBUG 137 statementLog - {conn-10001, pstmt-20001} Parameters : [12]
[2020-05-28 09:07:45] DEBUG 137 statementLog - {conn-10001, pstmt-20001} Types : [INTEGER]
[2020-05-28 09:07:45] DEBUG 137 statementLog - {conn-10001, pstmt-20001, rs-50034} query executed. 2.73183 millis. select rolelist0_.pid as pid1_6_0_, rolelist0_.rid as rid2_6_0_, role1_.rid as rid1_4_1_, role1_.createTime as createTi2_4_1_, role1_.description as descript3_4_1_, role1_.role as role4_4_1_, role1_.status as status5_4_1_, role1_.updateTime as updateTi6_4_1_ from sys_role_resource rolelist0_ inner join sys_role role1_ on rolelist0_.rid=role1_.rid where rolelist0_.pid=?
[2020-05-28 09:07:45] DEBUG 137 statementLog - {conn-10001, pstmt-20001} clearParameters. 
[2020-05-28 09:07:45] DEBUG 137 statementLog - {conn-10001, pstmt-20001} Parameters : [10]
[2020-05-28 09:07:45] DEBUG 137 statementLog - {conn-10001, pstmt-20001} Types : [INTEGER]
[2020-05-28 09:07:45] DEBUG 137 statementLog - {conn-10001, pstmt-20001, rs-50035} query executed. 2.139107 millis. select rolelist0_.pid as pid1_6_0_, rolelist0_.rid as rid2_6_0_, role1_.rid as rid1_4_1_, role1_.createTime as createTi2_4_1_, role1_.description as descript3_4_1_, role1_.role as role4_4_1_, role1_.status as status5_4_1_, role1_.updateTime as updateTi6_4_1_ from sys_role_resource rolelist0_ inner join sys_role role1_ on rolelist0_.rid=role1_.rid where rolelist0_.pid=?
[2020-05-28 09:07:45] DEBUG 137 statementLog - {conn-10001, pstmt-20001} clearParameters. 
[2020-05-28 09:07:45] DEBUG 137 statementLog - {conn-10001, pstmt-20001} Parameters : [9]
[2020-05-28 09:07:45] DEBUG 137 statementLog - {conn-10001, pstmt-20001} Types : [INTEGER]
[2020-05-28 09:07:45] DEBUG 137 statementLog - {conn-10001, pstmt-20001, rs-50036} query executed. 2.198122 millis. select rolelist0_.pid as pid1_6_0_, rolelist0_.rid as rid2_6_0_, role1_.rid as rid1_4_1_, role1_.createTime as createTi2_4_1_, role1_.description as descript3_4_1_, role1_.role as role4_4_1_, role1_.status as status5_4_1_, role1_.updateTime as updateTi6_4_1_ from sys_role_resource rolelist0_ inner join sys_role role1_ on rolelist0_.rid=role1_.rid where rolelist0_.pid=?
[2020-05-28 09:07:45] DEBUG 137 statementLog - {conn-10001, pstmt-20001} clearParameters. 
[2020-05-28 09:07:45] DEBUG 137 statementLog - {conn-10001, pstmt-20001} Parameters : [8]
[2020-05-28 09:07:45] DEBUG 137 statementLog - {conn-10001, pstmt-20001} Types : [INTEGER]
[2020-05-28 09:07:45] DEBUG 137 statementLog - {conn-10001, pstmt-20001, rs-50037} query executed. 1.545101 millis. select rolelist0_.pid as pid1_6_0_, rolelist0_.rid as rid2_6_0_, role1_.rid as rid1_4_1_, role1_.createTime as createTi2_4_1_, role1_.description as descript3_4_1_, role1_.role as role4_4_1_, role1_.status as status5_4_1_, role1_.updateTime as updateTi6_4_1_ from sys_role_resource rolelist0_ inner join sys_role role1_ on rolelist0_.rid=role1_.rid where rolelist0_.pid=?
[2020-05-28 09:07:45] DEBUG 137 statementLog - {conn-10001, pstmt-20001} clearParameters. 
[2020-05-28 09:07:45] DEBUG 137 statementLog - {conn-10001, pstmt-20001} Parameters : [7]
[2020-05-28 09:07:45] DEBUG 137 statementLog - {conn-10001, pstmt-20001} Types : [INTEGER]
[2020-05-28 09:07:45] DEBUG 137 statementLog - {conn-10001, pstmt-20001, rs-50038} query executed. 1.462136 millis. select rolelist0_.pid as pid1_6_0_, rolelist0_.rid as rid2_6_0_, role1_.rid as rid1_4_1_, role1_.createTime as createTi2_4_1_, role1_.description as descript3_4_1_, role1_.role as role4_4_1_, role1_.status as status5_4_1_, role1_.updateTime as updateTi6_4_1_ from sys_role_resource rolelist0_ inner join sys_role role1_ on rolelist0_.rid=role1_.rid where rolelist0_.pid=?
[2020-05-28 09:07:45] DEBUG 137 statementLog - {conn-10001, pstmt-20001} clearParameters. 
[2020-05-28 09:07:45] DEBUG 137 statementLog - {conn-10001, pstmt-20001} Parameters : [6]
[2020-05-28 09:07:45] DEBUG 137 statementLog - {conn-10001, pstmt-20001} Types : [INTEGER]
[2020-05-28 09:07:45] DEBUG 137 statementLog - {conn-10001, pstmt-20001, rs-50039} query executed. 1.696916 millis. select rolelist0_.pid as pid1_6_0_, rolelist0_.rid as rid2_6_0_, role1_.rid as rid1_4_1_, role1_.createTime as createTi2_4_1_, role1_.description as descript3_4_1_, role1_.role as role4_4_1_, role1_.status as status5_4_1_, role1_.updateTime as updateTi6_4_1_ from sys_role_resource rolelist0_ inner join sys_role role1_ on rolelist0_.rid=role1_.rid where rolelist0_.pid=?
[2020-05-28 09:07:45] DEBUG 137 statementLog - {conn-10001, pstmt-20001} clearParameters. 
[2020-05-28 09:07:45] DEBUG 137 statementLog - {conn-10001, pstmt-20001} Parameters : [5]
[2020-05-28 09:07:45] DEBUG 137 statementLog - {conn-10001, pstmt-20001} Types : [INTEGER]
[2020-05-28 09:07:45] DEBUG 137 statementLog - {conn-10001, pstmt-20001, rs-50040} query executed. 1.523719 millis. select rolelist0_.pid as pid1_6_0_, rolelist0_.rid as rid2_6_0_, role1_.rid as rid1_4_1_, role1_.createTime as createTi2_4_1_, role1_.description as descript3_4_1_, role1_.role as role4_4_1_, role1_.status as status5_4_1_, role1_.updateTime as updateTi6_4_1_ from sys_role_resource rolelist0_ inner join sys_role role1_ on rolelist0_.rid=role1_.rid where rolelist0_.pid=?
[2020-05-28 09:07:45] DEBUG 137 statementLog - {conn-10001, pstmt-20001} clearParameters. 
[2020-05-28 09:07:45] DEBUG 137 statementLog - {conn-10001, pstmt-20001} Parameters : [4]
[2020-05-28 09:07:45] DEBUG 137 statementLog - {conn-10001, pstmt-20001} Types : [INTEGER]
[2020-05-28 09:07:45] DEBUG 137 statementLog - {conn-10001, pstmt-20001, rs-50041} query executed. 1.871825 millis. select rolelist0_.pid as pid1_6_0_, rolelist0_.rid as rid2_6_0_, role1_.rid as rid1_4_1_, role1_.createTime as createTi2_4_1_, role1_.description as descript3_4_1_, role1_.role as role4_4_1_, role1_.status as status5_4_1_, role1_.updateTime as updateTi6_4_1_ from sys_role_resource rolelist0_ inner join sys_role role1_ on rolelist0_.rid=role1_.rid where rolelist0_.pid=?
[2020-05-28 09:07:45] DEBUG 137 statementLog - {conn-10001, pstmt-20001} clearParameters. 
[2020-05-28 09:07:45] DEBUG 137 statementLog - {conn-10001, pstmt-20001} Parameters : [3]
[2020-05-28 09:07:45] DEBUG 137 statementLog - {conn-10001, pstmt-20001} Types : [INTEGER]
[2020-05-28 09:07:45] DEBUG 137 statementLog - {conn-10001, pstmt-20001, rs-50042} query executed. 1.386442 millis. select rolelist0_.pid as pid1_6_0_, rolelist0_.rid as rid2_6_0_, role1_.rid as rid1_4_1_, role1_.createTime as createTi2_4_1_, role1_.description as descript3_4_1_, role1_.role as role4_4_1_, role1_.status as status5_4_1_, role1_.updateTime as updateTi6_4_1_ from sys_role_resource rolelist0_ inner join sys_role role1_ on rolelist0_.rid=role1_.rid where rolelist0_.pid=?
[2020-05-28 09:07:45] DEBUG 137 statementLog - {conn-10001, pstmt-20001} clearParameters. 
[2020-05-28 09:07:45] DEBUG 137 statementLog - {conn-10001, pstmt-20001} Parameters : [2]
[2020-05-28 09:07:45] DEBUG 137 statementLog - {conn-10001, pstmt-20001} Types : [INTEGER]
[2020-05-28 09:07:45] DEBUG 137 statementLog - {conn-10001, pstmt-20001, rs-50043} query executed. 1.943244 millis. select rolelist0_.pid as pid1_6_0_, rolelist0_.rid as rid2_6_0_, role1_.rid as rid1_4_1_, role1_.createTime as createTi2_4_1_, role1_.description as descript3_4_1_, role1_.role as role4_4_1_, role1_.status as status5_4_1_, role1_.updateTime as updateTi6_4_1_ from sys_role_resource rolelist0_ inner join sys_role role1_ on rolelist0_.rid=role1_.rid where rolelist0_.pid=?
[2020-05-28 09:07:45] DEBUG 137 statementLog - {conn-10001, pstmt-20001} clearParameters. 
[2020-05-28 09:07:45] DEBUG 137 statementLog - {conn-10001, pstmt-20001} Parameters : [1]
[2020-05-28 09:07:45] DEBUG 137 statementLog - {conn-10001, pstmt-20001} Types : [INTEGER]
[2020-05-28 09:07:45] DEBUG 137 statementLog - {conn-10001, pstmt-20001, rs-50044} query executed. 1.833765 millis. select rolelist0_.pid as pid1_6_0_, rolelist0_.rid as rid2_6_0_, role1_.rid as rid1_4_1_, role1_.createTime as createTi2_4_1_, role1_.description as descript3_4_1_, role1_.role as role4_4_1_, role1_.status as status5_4_1_, role1_.updateTime as updateTi6_4_1_ from sys_role_resource rolelist0_ inner join sys_role role1_ on rolelist0_.rid=role1_.rid where rolelist0_.pid=?
[2020-05-28 09:07:45] DEBUG 137 statementLog - {conn-10001, pstmt-20001} clearParameters. 
[2020-05-28 09:08:24] DEBUG 137 statementLog - {conn-10001, pstmt-20002} created. select user0_.uid as uid1_7_, user0_.addr as addr2_7_, user0_.disabled as disabled3_7_, user0_.email as email4_7_, user0_.nickname as nickname5_7_, user0_.password as password6_7_, user0_.regtime as regtime7_7_, user0_.salt as salt8_7_, user0_.tel as tel9_7_, user0_.username as usernam10_7_ from sys_user user0_ where user0_.username=?
[2020-05-28 09:08:24] DEBUG 137 statementLog - {conn-10001, pstmt-20002} Parameters : [teslan]
[2020-05-28 09:08:24] DEBUG 137 statementLog - {conn-10001, pstmt-20002} Types : [VARCHAR]
[2020-05-28 09:08:24] DEBUG 137 statementLog - {conn-10001, pstmt-20002, rs-50045} query executed. 2.828052 millis. select user0_.uid as uid1_7_, user0_.addr as addr2_7_, user0_.disabled as disabled3_7_, user0_.email as email4_7_, user0_.nickname as nickname5_7_, user0_.password as password6_7_, user0_.regtime as regtime7_7_, user0_.salt as salt8_7_, user0_.tel as tel9_7_, user0_.username as usernam10_7_ from sys_user user0_ where user0_.username=?
[2020-05-28 09:08:24] DEBUG 137 statementLog - {conn-10001, pstmt-20002} clearParameters. 
[2020-05-28 09:08:24] DEBUG 137 statementLog - {conn-10001, pstmt-20003} created. select rolelist0_.uid as uid2_8_0_, rolelist0_.rid as rid1_8_0_, role1_.rid as rid1_4_1_, role1_.createTime as createTi2_4_1_, role1_.description as descript3_4_1_, role1_.role as role4_4_1_, role1_.status as status5_4_1_, role1_.updateTime as updateTi6_4_1_ from sys_user_role rolelist0_ inner join sys_role role1_ on rolelist0_.rid=role1_.rid where rolelist0_.uid=?
[2020-05-28 09:08:24] DEBUG 137 statementLog - {conn-10001, pstmt-20003} Parameters : [10]
[2020-05-28 09:08:24] DEBUG 137 statementLog - {conn-10001, pstmt-20003} Types : [BIGINT]
[2020-05-28 09:08:24] DEBUG 137 statementLog - {conn-10001, pstmt-20003, rs-50046} query executed. 3.962181 millis. select rolelist0_.uid as uid2_8_0_, rolelist0_.rid as rid1_8_0_, role1_.rid as rid1_4_1_, role1_.createTime as createTi2_4_1_, role1_.description as descript3_4_1_, role1_.role as role4_4_1_, role1_.status as status5_4_1_, role1_.updateTime as updateTi6_4_1_ from sys_user_role rolelist0_ inner join sys_role role1_ on rolelist0_.rid=role1_.rid where rolelist0_.uid=?
[2020-05-28 09:08:24] DEBUG 137 statementLog - {conn-10001, pstmt-20003} clearParameters. 
[2020-05-28 09:08:25] DEBUG 137 statementLog - {conn-10001, pstmt-20002} Parameters : [teslan]
[2020-05-28 09:08:25] DEBUG 137 statementLog - {conn-10001, pstmt-20002} Types : [VARCHAR]
[2020-05-28 09:08:25] DEBUG 137 statementLog - {conn-10001, pstmt-20002, rs-50047} query executed. 1.550232 millis. select user0_.uid as uid1_7_, user0_.addr as addr2_7_, user0_.disabled as disabled3_7_, user0_.email as email4_7_, user0_.nickname as nickname5_7_, user0_.password as password6_7_, user0_.regtime as regtime7_7_, user0_.salt as salt8_7_, user0_.tel as tel9_7_, user0_.username as usernam10_7_ from sys_user user0_ where user0_.username=?
[2020-05-28 09:08:25] DEBUG 137 statementLog - {conn-10001, pstmt-20002} clearParameters. 
[2020-05-28 09:08:25] DEBUG 137 statementLog - {conn-10001, pstmt-20003} Parameters : [10]
[2020-05-28 09:08:25] DEBUG 137 statementLog - {conn-10001, pstmt-20003} Types : [BIGINT]
[2020-05-28 09:08:25] DEBUG 137 statementLog - {conn-10001, pstmt-20003, rs-50048} query executed. 2.106606 millis. select rolelist0_.uid as uid2_8_0_, rolelist0_.rid as rid1_8_0_, role1_.rid as rid1_4_1_, role1_.createTime as createTi2_4_1_, role1_.description as descript3_4_1_, role1_.role as role4_4_1_, role1_.status as status5_4_1_, role1_.updateTime as updateTi6_4_1_ from sys_user_role rolelist0_ inner join sys_role role1_ on rolelist0_.rid=role1_.rid where rolelist0_.uid=?
[2020-05-28 09:08:25] DEBUG 137 statementLog - {conn-10001, pstmt-20003} clearParameters. 
[2020-05-28 09:08:25] DEBUG 137 statementLog - {conn-10001, pstmt-20002} Parameters : [teslan]
[2020-05-28 09:08:25] DEBUG 137 statementLog - {conn-10001, pstmt-20002} Types : [VARCHAR]
[2020-05-28 09:08:25] DEBUG 137 statementLog - {conn-10001, pstmt-20002, rs-50049} query executed. 1.839752 millis. select user0_.uid as uid1_7_, user0_.addr as addr2_7_, user0_.disabled as disabled3_7_, user0_.email as email4_7_, user0_.nickname as nickname5_7_, user0_.password as password6_7_, user0_.regtime as regtime7_7_, user0_.salt as salt8_7_, user0_.tel as tel9_7_, user0_.username as usernam10_7_ from sys_user user0_ where user0_.username=?
[2020-05-28 09:08:25] DEBUG 137 statementLog - {conn-10001, pstmt-20002} clearParameters. 
[2020-05-28 09:08:25] DEBUG 137 statementLog - {conn-10002, pstmt-20004} created. insert into sys_account_log (createTime, ip, logName, message, succeed, userId) values (?, ?, ?, ?, ?, ?)
[2020-05-28 09:08:25] DEBUG 137 statementLog - {conn-10002, pstmt-20004} Parameters : [2020-05-28 09:08:25.126, 127.0.0.1, 用户登录日志, 登录成功, 1, teslan]
[2020-05-28 09:08:25] DEBUG 137 statementLog - {conn-10002, pstmt-20004} Types : [TIMESTAMP, VARCHAR, VARCHAR, VARCHAR, SMALLINT, VARCHAR]
[2020-05-28 09:08:25] DEBUG 137 statementLog - {conn-10002, pstmt-20004} update executed. effort 1. 2.388427 millis. insert into sys_account_log (createTime, ip, logName, message, succeed, userId) values (?, ?, ?, ?, ?, ?)
[2020-05-28 09:08:25] DEBUG 137 statementLog - {conn-10002, pstmt-20004} clearParameters. 
[2020-05-28 09:08:25] DEBUG 137 statementLog - {conn-10002, pstmt-20005} created. insert into sys_operation_log (api, createTime, logName, message, method, succeed, userId) values (?, ?, ?, ?, ?, ?, ?)
[2020-05-28 09:08:25] DEBUG 137 statementLog - {conn-10002, pstmt-20005} Parameters : [/resource/authorityMenu, 2020-05-28 09:08:25.218, 业务操作日志, null, GET, 1, teslan]
[2020-05-28 09:08:25] DEBUG 137 statementLog - {conn-10002, pstmt-20005} Types : [VARCHAR, TIMESTAMP, VARCHAR, VARCHAR, VARCHAR, SMALLINT, VARCHAR]
[2020-05-28 09:08:25] DEBUG 137 statementLog - {conn-10002, pstmt-20005} update executed. effort 1. 5.109566 millis. insert into sys_operation_log (api, createTime, logName, message, method, succeed, userId) values (?, ?, ?, ?, ?, ?, ?)
[2020-05-28 09:08:25] DEBUG 137 statementLog - {conn-10002, pstmt-20005} clearParameters. 
[2020-05-28 09:08:25] DEBUG 137 statementLog - {conn-10002, pstmt-20006} created. select user0_.uid as uid1_7_, user0_.addr as addr2_7_, user0_.disabled as disabled3_7_, user0_.email as email4_7_, user0_.nickname as nickname5_7_, user0_.password as password6_7_, user0_.regtime as regtime7_7_, user0_.salt as salt8_7_, user0_.tel as tel9_7_, user0_.username as usernam10_7_ from sys_user user0_ where user0_.username=?
[2020-05-28 09:08:25] DEBUG 137 statementLog - {conn-10002, pstmt-20006} Parameters : [teslan]
[2020-05-28 09:08:25] DEBUG 137 statementLog - {conn-10002, pstmt-20006} Types : [VARCHAR]
[2020-05-28 09:08:25] DEBUG 137 statementLog - {conn-10002, pstmt-20006, rs-50052} query executed. 2.474385 millis. select user0_.uid as uid1_7_, user0_.addr as addr2_7_, user0_.disabled as disabled3_7_, user0_.email as email4_7_, user0_.nickname as nickname5_7_, user0_.password as password6_7_, user0_.regtime as regtime7_7_, user0_.salt as salt8_7_, user0_.tel as tel9_7_, user0_.username as usernam10_7_ from sys_user user0_ where user0_.username=?
[2020-05-28 09:08:25] DEBUG 137 statementLog - {conn-10002, pstmt-20006} clearParameters. 
[2020-05-28 09:08:25] DEBUG 137 statementLog - {conn-10002, pstmt-20007} created. select rolelist0_.uid as uid2_8_0_, rolelist0_.rid as rid1_8_0_, role1_.rid as rid1_4_1_, role1_.createTime as createTi2_4_1_, role1_.description as descript3_4_1_, role1_.role as role4_4_1_, role1_.status as status5_4_1_, role1_.updateTime as updateTi6_4_1_ from sys_user_role rolelist0_ inner join sys_role role1_ on rolelist0_.rid=role1_.rid where rolelist0_.uid=?
[2020-05-28 09:08:25] DEBUG 137 statementLog - {conn-10002, pstmt-20007} Parameters : [10]
[2020-05-28 09:08:25] DEBUG 137 statementLog - {conn-10002, pstmt-20007} Types : [BIGINT]
[2020-05-28 09:08:25] DEBUG 137 statementLog - {conn-10002, pstmt-20007, rs-50053} query executed. 2.129271 millis. select rolelist0_.uid as uid2_8_0_, rolelist0_.rid as rid1_8_0_, role1_.rid as rid1_4_1_, role1_.createTime as createTi2_4_1_, role1_.description as descript3_4_1_, role1_.role as role4_4_1_, role1_.status as status5_4_1_, role1_.updateTime as updateTi6_4_1_ from sys_user_role rolelist0_ inner join sys_role role1_ on rolelist0_.rid=role1_.rid where rolelist0_.uid=?
[2020-05-28 09:08:25] DEBUG 137 statementLog - {conn-10002, pstmt-20007} clearParameters. 
[2020-05-28 09:08:25] DEBUG 137 statementLog - {conn-10002, pstmt-20008} created. select resourceli0_.rid as rid2_6_0_, resourceli0_.pid as pid1_6_0_, resource1_.rid as rid1_3_1_, resource1_.code as code2_3_1_, resource1_.createTime as createTi3_3_1_, resource1_.icon as icon4_3_1_, resource1_.method as method5_3_1_, resource1_.name as name6_3_1_, resource1_.parentId as parentId7_3_1_, resource1_.resourceType as resource8_3_1_, resource1_.status as status9_3_1_, resource1_.updateTime as updateT10_3_1_, resource1_.uri as uri11_3_1_ from sys_role_resource resourceli0_ inner join sys_resource resource1_ on resourceli0_.pid=resource1_.rid where resourceli0_.rid=?
[2020-05-28 09:08:25] DEBUG 137 statementLog - {conn-10002, pstmt-20008} Parameters : [admin]
[2020-05-28 09:08:25] DEBUG 137 statementLog - {conn-10002, pstmt-20008} Types : [VARCHAR]
[2020-05-28 09:08:25] DEBUG 137 statementLog - {conn-10002, pstmt-20008, rs-50054} query executed. 2.774168 millis. select resourceli0_.rid as rid2_6_0_, resourceli0_.pid as pid1_6_0_, resource1_.rid as rid1_3_1_, resource1_.code as code2_3_1_, resource1_.createTime as createTi3_3_1_, resource1_.icon as icon4_3_1_, resource1_.method as method5_3_1_, resource1_.name as name6_3_1_, resource1_.parentId as parentId7_3_1_, resource1_.resourceType as resource8_3_1_, resource1_.status as status9_3_1_, resource1_.updateTime as updateT10_3_1_, resource1_.uri as uri11_3_1_ from sys_role_resource resourceli0_ inner join sys_resource resource1_ on resourceli0_.pid=resource1_.rid where resourceli0_.rid=?
[2020-05-28 09:08:25] DEBUG 137 statementLog - {conn-10002, pstmt-20008} clearParameters. 
[2020-05-28 09:08:25] DEBUG 137 statementLog - {conn-10002, pstmt-20009} created. select rolelist0_.pid as pid1_6_0_, rolelist0_.rid as rid2_6_0_, role1_.rid as rid1_4_1_, role1_.createTime as createTi2_4_1_, role1_.description as descript3_4_1_, role1_.role as role4_4_1_, role1_.status as status5_4_1_, role1_.updateTime as updateTi6_4_1_ from sys_role_resource rolelist0_ inner join sys_role role1_ on rolelist0_.rid=role1_.rid where rolelist0_.pid=?
[2020-05-28 09:08:25] DEBUG 137 statementLog - {conn-10002, pstmt-20009} Parameters : [48]
[2020-05-28 09:08:25] DEBUG 137 statementLog - {conn-10002, pstmt-20009} Types : [INTEGER]
[2020-05-28 09:08:25] DEBUG 137 statementLog - {conn-10002, pstmt-20009, rs-50055} query executed. 4.019058 millis. select rolelist0_.pid as pid1_6_0_, rolelist0_.rid as rid2_6_0_, role1_.rid as rid1_4_1_, role1_.createTime as createTi2_4_1_, role1_.description as descript3_4_1_, role1_.role as role4_4_1_, role1_.status as status5_4_1_, role1_.updateTime as updateTi6_4_1_ from sys_role_resource rolelist0_ inner join sys_role role1_ on rolelist0_.rid=role1_.rid where rolelist0_.pid=?
[2020-05-28 09:08:25] DEBUG 137 statementLog - {conn-10002, pstmt-20009} clearParameters. 
[2020-05-28 09:08:25] DEBUG 137 statementLog - {conn-10002, pstmt-20009} Parameters : [47]
[2020-05-28 09:08:25] DEBUG 137 statementLog - {conn-10002, pstmt-20009} Types : [INTEGER]
[2020-05-28 09:08:25] DEBUG 137 statementLog - {conn-10002, pstmt-20009, rs-50056} query executed. 7.367132 millis. select rolelist0_.pid as pid1_6_0_, rolelist0_.rid as rid2_6_0_, role1_.rid as rid1_4_1_, role1_.createTime as createTi2_4_1_, role1_.description as descript3_4_1_, role1_.role as role4_4_1_, role1_.status as status5_4_1_, role1_.updateTime as updateTi6_4_1_ from sys_role_resource rolelist0_ inner join sys_role role1_ on rolelist0_.rid=role1_.rid where rolelist0_.pid=?
[2020-05-28 09:08:25] DEBUG 137 statementLog - {conn-10002, pstmt-20009} clearParameters. 
[2020-05-28 09:08:25] DEBUG 137 statementLog - {conn-10002, pstmt-20009} Parameters : [46]
[2020-05-28 09:08:25] DEBUG 137 statementLog - {conn-10002, pstmt-20009} Types : [INTEGER]
[2020-05-28 09:08:25] DEBUG 137 statementLog - {conn-10002, pstmt-20009, rs-50057} query executed. 6.764573 millis. select rolelist0_.pid as pid1_6_0_, rolelist0_.rid as rid2_6_0_, role1_.rid as rid1_4_1_, role1_.createTime as createTi2_4_1_, role1_.description as descript3_4_1_, role1_.role as role4_4_1_, role1_.status as status5_4_1_, role1_.updateTime as updateTi6_4_1_ from sys_role_resource rolelist0_ inner join sys_role role1_ on rolelist0_.rid=role1_.rid where rolelist0_.pid=?
[2020-05-28 09:08:25] DEBUG 137 statementLog - {conn-10002, pstmt-20009} clearParameters. 
[2020-05-28 09:08:25] DEBUG 137 statementLog - {conn-10002, pstmt-20009} Parameters : [45]
[2020-05-28 09:08:25] DEBUG 137 statementLog - {conn-10002, pstmt-20009} Types : [INTEGER]
[2020-05-28 09:08:25] DEBUG 137 statementLog - {conn-10002, pstmt-20009, rs-50058} query executed. 5.876343 millis. select rolelist0_.pid as pid1_6_0_, rolelist0_.rid as rid2_6_0_, role1_.rid as rid1_4_1_, role1_.createTime as createTi2_4_1_, role1_.description as descript3_4_1_, role1_.role as role4_4_1_, role1_.status as status5_4_1_, role1_.updateTime as updateTi6_4_1_ from sys_role_resource rolelist0_ inner join sys_role role1_ on rolelist0_.rid=role1_.rid where rolelist0_.pid=?
[2020-05-28 09:08:25] DEBUG 137 statementLog - {conn-10002, pstmt-20009} clearParameters. 
[2020-05-28 09:08:25] DEBUG 137 statementLog - {conn-10002, pstmt-20009} Parameters : [41]
[2020-05-28 09:08:25] DEBUG 137 statementLog - {conn-10002, pstmt-20009} Types : [INTEGER]
[2020-05-28 09:08:25] DEBUG 137 statementLog - {conn-10002, pstmt-20009, rs-50059} query executed. 2.7391 millis. select rolelist0_.pid as pid1_6_0_, rolelist0_.rid as rid2_6_0_, role1_.rid as rid1_4_1_, role1_.createTime as createTi2_4_1_, role1_.description as descript3_4_1_, role1_.role as role4_4_1_, role1_.status as status5_4_1_, role1_.updateTime as updateTi6_4_1_ from sys_role_resource rolelist0_ inner join sys_role role1_ on rolelist0_.rid=role1_.rid where rolelist0_.pid=?
[2020-05-28 09:08:25] DEBUG 137 statementLog - {conn-10002, pstmt-20009} clearParameters. 
[2020-05-28 09:08:25] DEBUG 137 statementLog - {conn-10002, pstmt-20009} Parameters : [23]
[2020-05-28 09:08:25] DEBUG 137 statementLog - {conn-10002, pstmt-20009} Types : [INTEGER]
[2020-05-28 09:08:25] DEBUG 137 statementLog - {conn-10002, pstmt-20009, rs-50060} query executed. 2.408099 millis. select rolelist0_.pid as pid1_6_0_, rolelist0_.rid as rid2_6_0_, role1_.rid as rid1_4_1_, role1_.createTime as createTi2_4_1_, role1_.description as descript3_4_1_, role1_.role as role4_4_1_, role1_.status as status5_4_1_, role1_.updateTime as updateTi6_4_1_ from sys_role_resource rolelist0_ inner join sys_role role1_ on rolelist0_.rid=role1_.rid where rolelist0_.pid=?
[2020-05-28 09:08:25] DEBUG 137 statementLog - {conn-10002, pstmt-20009} clearParameters. 
[2020-05-28 09:08:25] DEBUG 137 statementLog - {conn-10002, pstmt-20009} Parameters : [20]
[2020-05-28 09:08:25] DEBUG 137 statementLog - {conn-10002, pstmt-20009} Types : [INTEGER]
[2020-05-28 09:08:25] DEBUG 137 statementLog - {conn-10002, pstmt-20009, rs-50061} query executed. 2.819926 millis. select rolelist0_.pid as pid1_6_0_, rolelist0_.rid as rid2_6_0_, role1_.rid as rid1_4_1_, role1_.createTime as createTi2_4_1_, role1_.description as descript3_4_1_, role1_.role as role4_4_1_, role1_.status as status5_4_1_, role1_.updateTime as updateTi6_4_1_ from sys_role_resource rolelist0_ inner join sys_role role1_ on rolelist0_.rid=role1_.rid where rolelist0_.pid=?
[2020-05-28 09:08:25] DEBUG 137 statementLog - {conn-10002, pstmt-20009} clearParameters. 
[2020-05-28 09:08:25] DEBUG 137 statementLog - {conn-10002, pstmt-20009} Parameters : [19]
[2020-05-28 09:08:25] DEBUG 137 statementLog - {conn-10002, pstmt-20009} Types : [INTEGER]
[2020-05-28 09:08:25] DEBUG 137 statementLog - {conn-10002, pstmt-20009, rs-50062} query executed. 2.938386 millis. select rolelist0_.pid as pid1_6_0_, rolelist0_.rid as rid2_6_0_, role1_.rid as rid1_4_1_, role1_.createTime as createTi2_4_1_, role1_.description as descript3_4_1_, role1_.role as role4_4_1_, role1_.status as status5_4_1_, role1_.updateTime as updateTi6_4_1_ from sys_role_resource rolelist0_ inner join sys_role role1_ on rolelist0_.rid=role1_.rid where rolelist0_.pid=?
[2020-05-28 09:08:25] DEBUG 137 statementLog - {conn-10002, pstmt-20009} clearParameters. 
[2020-05-28 09:08:25] DEBUG 137 statementLog - {conn-10002, pstmt-20009} Parameters : [17]
[2020-05-28 09:08:25] DEBUG 137 statementLog - {conn-10002, pstmt-20009} Types : [INTEGER]
[2020-05-28 09:08:25] DEBUG 137 statementLog - {conn-10002, pstmt-20009, rs-50063} query executed. 1.788434 millis. select rolelist0_.pid as pid1_6_0_, rolelist0_.rid as rid2_6_0_, role1_.rid as rid1_4_1_, role1_.createTime as createTi2_4_1_, role1_.description as descript3_4_1_, role1_.role as role4_4_1_, role1_.status as status5_4_1_, role1_.updateTime as updateTi6_4_1_ from sys_role_resource rolelist0_ inner join sys_role role1_ on rolelist0_.rid=role1_.rid where rolelist0_.pid=?
[2020-05-28 09:08:25] DEBUG 137 statementLog - {conn-10002, pstmt-20009} clearParameters. 
[2020-05-28 09:08:25] DEBUG 137 statementLog - {conn-10002, pstmt-20009} Parameters : [12]
[2020-05-28 09:08:25] DEBUG 137 statementLog - {conn-10002, pstmt-20009} Types : [INTEGER]
[2020-05-28 09:08:25] DEBUG 137 statementLog - {conn-10002, pstmt-20009, rs-50064} query executed. 1.575891 millis. select rolelist0_.pid as pid1_6_0_, rolelist0_.rid as rid2_6_0_, role1_.rid as rid1_4_1_, role1_.createTime as createTi2_4_1_, role1_.description as descript3_4_1_, role1_.role as role4_4_1_, role1_.status as status5_4_1_, role1_.updateTime as updateTi6_4_1_ from sys_role_resource rolelist0_ inner join sys_role role1_ on rolelist0_.rid=role1_.rid where rolelist0_.pid=?
[2020-05-28 09:08:25] DEBUG 137 statementLog - {conn-10002, pstmt-20009} clearParameters. 
[2020-05-28 09:08:25] DEBUG 137 statementLog - {conn-10002, pstmt-20009} Parameters : [9]
[2020-05-28 09:08:25] DEBUG 137 statementLog - {conn-10002, pstmt-20009} Types : [INTEGER]
[2020-05-28 09:08:25] DEBUG 137 statementLog - {conn-10002, pstmt-20009, rs-50065} query executed. 3.242873 millis. select rolelist0_.pid as pid1_6_0_, rolelist0_.rid as rid2_6_0_, role1_.rid as rid1_4_1_, role1_.createTime as createTi2_4_1_, role1_.description as descript3_4_1_, role1_.role as role4_4_1_, role1_.status as status5_4_1_, role1_.updateTime as updateTi6_4_1_ from sys_role_resource rolelist0_ inner join sys_role role1_ on rolelist0_.rid=role1_.rid where rolelist0_.pid=?
[2020-05-28 09:08:25] DEBUG 137 statementLog - {conn-10002, pstmt-20009} clearParameters. 
[2020-05-28 09:08:25] DEBUG 137 statementLog - {conn-10002, pstmt-20009} Parameters : [8]
[2020-05-28 09:08:25] DEBUG 137 statementLog - {conn-10002, pstmt-20009} Types : [INTEGER]
[2020-05-28 09:08:25] DEBUG 137 statementLog - {conn-10002, pstmt-20009, rs-50066} query executed. 1.84189 millis. select rolelist0_.pid as pid1_6_0_, rolelist0_.rid as rid2_6_0_, role1_.rid as rid1_4_1_, role1_.createTime as createTi2_4_1_, role1_.description as descript3_4_1_, role1_.role as role4_4_1_, role1_.status as status5_4_1_, role1_.updateTime as updateTi6_4_1_ from sys_role_resource rolelist0_ inner join sys_role role1_ on rolelist0_.rid=role1_.rid where rolelist0_.pid=?
[2020-05-28 09:08:25] DEBUG 137 statementLog - {conn-10002, pstmt-20009} clearParameters. 
[2020-05-28 09:08:25] DEBUG 137 statementLog - {conn-10002, pstmt-20009} Parameters : [7]
[2020-05-28 09:08:25] DEBUG 137 statementLog - {conn-10002, pstmt-20009} Types : [INTEGER]
[2020-05-28 09:08:25] DEBUG 137 statementLog - {conn-10002, pstmt-20009, rs-50067} query executed. 2.56633 millis. select rolelist0_.pid as pid1_6_0_, rolelist0_.rid as rid2_6_0_, role1_.rid as rid1_4_1_, role1_.createTime as createTi2_4_1_, role1_.description as descript3_4_1_, role1_.role as role4_4_1_, role1_.status as status5_4_1_, role1_.updateTime as updateTi6_4_1_ from sys_role_resource rolelist0_ inner join sys_role role1_ on rolelist0_.rid=role1_.rid where rolelist0_.pid=?
[2020-05-28 09:08:25] DEBUG 137 statementLog - {conn-10002, pstmt-20009} clearParameters. 
[2020-05-28 09:08:25] DEBUG 137 statementLog - {conn-10002, pstmt-20009} Parameters : [6]
[2020-05-28 09:08:25] DEBUG 137 statementLog - {conn-10002, pstmt-20009} Types : [INTEGER]
[2020-05-28 09:08:25] DEBUG 137 statementLog - {conn-10002, pstmt-20009, rs-50068} query executed. 6.607198 millis. select rolelist0_.pid as pid1_6_0_, rolelist0_.rid as rid2_6_0_, role1_.rid as rid1_4_1_, role1_.createTime as createTi2_4_1_, role1_.description as descript3_4_1_, role1_.role as role4_4_1_, role1_.status as status5_4_1_, role1_.updateTime as updateTi6_4_1_ from sys_role_resource rolelist0_ inner join sys_role role1_ on rolelist0_.rid=role1_.rid where rolelist0_.pid=?
[2020-05-28 09:08:25] DEBUG 137 statementLog - {conn-10002, pstmt-20009} clearParameters. 
[2020-05-28 09:08:25] DEBUG 137 statementLog - {conn-10002, pstmt-20009} Parameters : [5]
[2020-05-28 09:08:25] DEBUG 137 statementLog - {conn-10002, pstmt-20009} Types : [INTEGER]
[2020-05-28 09:08:25] DEBUG 137 statementLog - {conn-10002, pstmt-20009, rs-50069} query executed. 2.52442 millis. select rolelist0_.pid as pid1_6_0_, rolelist0_.rid as rid2_6_0_, role1_.rid as rid1_4_1_, role1_.createTime as createTi2_4_1_, role1_.description as descript3_4_1_, role1_.role as role4_4_1_, role1_.status as status5_4_1_, role1_.updateTime as updateTi6_4_1_ from sys_role_resource rolelist0_ inner join sys_role role1_ on rolelist0_.rid=role1_.rid where rolelist0_.pid=?
[2020-05-28 09:08:25] DEBUG 137 statementLog - {conn-10002, pstmt-20009} clearParameters. 
[2020-05-28 09:08:25] DEBUG 137 statementLog - {conn-10002, pstmt-20009} Parameters : [4]
[2020-05-28 09:08:25] DEBUG 137 statementLog - {conn-10002, pstmt-20009} Types : [INTEGER]
[2020-05-28 09:08:25] DEBUG 137 statementLog - {conn-10002, pstmt-20009, rs-50070} query executed. 3.504166 millis. select rolelist0_.pid as pid1_6_0_, rolelist0_.rid as rid2_6_0_, role1_.rid as rid1_4_1_, role1_.createTime as createTi2_4_1_, role1_.description as descript3_4_1_, role1_.role as role4_4_1_, role1_.status as status5_4_1_, role1_.updateTime as updateTi6_4_1_ from sys_role_resource rolelist0_ inner join sys_role role1_ on rolelist0_.rid=role1_.rid where rolelist0_.pid=?
[2020-05-28 09:08:25] DEBUG 137 statementLog - {conn-10002, pstmt-20009} clearParameters. 
[2020-05-28 09:08:25] DEBUG 137 statementLog - {conn-10002, pstmt-20009} Parameters : [2]
[2020-05-28 09:08:25] DEBUG 137 statementLog - {conn-10002, pstmt-20009} Types : [INTEGER]
[2020-05-28 09:08:25] DEBUG 137 statementLog - {conn-10002, pstmt-20009, rs-50071} query executed. 1.551088 millis. select rolelist0_.pid as pid1_6_0_, rolelist0_.rid as rid2_6_0_, role1_.rid as rid1_4_1_, role1_.createTime as createTi2_4_1_, role1_.description as descript3_4_1_, role1_.role as role4_4_1_, role1_.status as status5_4_1_, role1_.updateTime as updateTi6_4_1_ from sys_role_resource rolelist0_ inner join sys_role role1_ on rolelist0_.rid=role1_.rid where rolelist0_.pid=?
[2020-05-28 09:08:25] DEBUG 137 statementLog - {conn-10002, pstmt-20009} clearParameters. 
[2020-05-28 09:11:09] DEBUG 137 statementLog - {conn-10002, pstmt-20005} Parameters : [/user/list/1/10, 2020-05-28 09:11:09.9, 业务操作日志, null, GET, 1, teslan]
[2020-05-28 09:11:09] DEBUG 137 statementLog - {conn-10002, pstmt-20005} Types : [VARCHAR, TIMESTAMP, VARCHAR, VARCHAR, VARCHAR, SMALLINT, VARCHAR]
[2020-05-28 09:11:09] DEBUG 137 statementLog - {conn-10002, pstmt-20005} update executed. effort 1. 4.36075 millis. insert into sys_operation_log (api, createTime, logName, message, method, succeed, userId) values (?, ?, ?, ?, ?, ?, ?)
[2020-05-28 09:11:09] DEBUG 137 statementLog - {conn-10002, pstmt-20005} clearParameters. 
[2020-05-28 09:11:10] DEBUG 137 statementLog - {conn-10001, pstmt-20010} created. select user0_.uid as uid1_7_, user0_.addr as addr2_7_, user0_.disabled as disabled3_7_, user0_.email as email4_7_, user0_.nickname as nickname5_7_, user0_.password as password6_7_, user0_.regtime as regtime7_7_, user0_.salt as salt8_7_, user0_.tel as tel9_7_, user0_.username as usernam10_7_ from sys_user user0_ order by user0_.uid asc limit ?
[2020-05-28 09:11:10] DEBUG 137 statementLog - {conn-10001, pstmt-20010} Parameters : [10]
[2020-05-28 09:11:10] DEBUG 137 statementLog - {conn-10001, pstmt-20010} Types : [INTEGER]
[2020-05-28 09:11:10] DEBUG 137 statementLog - {conn-10001, pstmt-20010, rs-50073} query executed. 2.90845 millis. select user0_.uid as uid1_7_, user0_.addr as addr2_7_, user0_.disabled as disabled3_7_, user0_.email as email4_7_, user0_.nickname as nickname5_7_, user0_.password as password6_7_, user0_.regtime as regtime7_7_, user0_.salt as salt8_7_, user0_.tel as tel9_7_, user0_.username as usernam10_7_ from sys_user user0_ order by user0_.uid asc limit ?
[2020-05-28 09:11:10] DEBUG 137 statementLog - {conn-10001, pstmt-20010} clearParameters. 
[2020-05-28 09:11:10] DEBUG 137 statementLog - {conn-10001, pstmt-20003} Parameters : [15]
[2020-05-28 09:11:10] DEBUG 137 statementLog - {conn-10001, pstmt-20003} Types : [BIGINT]
[2020-05-28 09:11:10] DEBUG 137 statementLog - {conn-10001, pstmt-20003, rs-50074} query executed. 10.287556 millis. select rolelist0_.uid as uid2_8_0_, rolelist0_.rid as rid1_8_0_, role1_.rid as rid1_4_1_, role1_.createTime as createTi2_4_1_, role1_.description as descript3_4_1_, role1_.role as role4_4_1_, role1_.status as status5_4_1_, role1_.updateTime as updateTi6_4_1_ from sys_user_role rolelist0_ inner join sys_role role1_ on rolelist0_.rid=role1_.rid where rolelist0_.uid=?
[2020-05-28 09:11:10] DEBUG 137 statementLog - {conn-10001, pstmt-20003} clearParameters. 
[2020-05-28 09:11:10] DEBUG 137 statementLog - {conn-10001, pstmt-20003} Parameters : [14]
[2020-05-28 09:11:10] DEBUG 137 statementLog - {conn-10001, pstmt-20003} Types : [BIGINT]
[2020-05-28 09:11:10] DEBUG 137 statementLog - {conn-10001, pstmt-20003, rs-50075} query executed. 9.662332 millis. select rolelist0_.uid as uid2_8_0_, rolelist0_.rid as rid1_8_0_, role1_.rid as rid1_4_1_, role1_.createTime as createTi2_4_1_, role1_.description as descript3_4_1_, role1_.role as role4_4_1_, role1_.status as status5_4_1_, role1_.updateTime as updateTi6_4_1_ from sys_user_role rolelist0_ inner join sys_role role1_ on rolelist0_.rid=role1_.rid where rolelist0_.uid=?
[2020-05-28 09:11:10] DEBUG 137 statementLog - {conn-10001, pstmt-20003} clearParameters. 
[2020-05-28 09:11:10] DEBUG 137 statementLog - {conn-10001, pstmt-20003} Parameters : [13]
[2020-05-28 09:11:10] DEBUG 137 statementLog - {conn-10001, pstmt-20003} Types : [BIGINT]
[2020-05-28 09:11:10] DEBUG 137 statementLog - {conn-10001, pstmt-20003, rs-50076} query executed. 10.364961 millis. select rolelist0_.uid as uid2_8_0_, rolelist0_.rid as rid1_8_0_, role1_.rid as rid1_4_1_, role1_.createTime as createTi2_4_1_, role1_.description as descript3_4_1_, role1_.role as role4_4_1_, role1_.status as status5_4_1_, role1_.updateTime as updateTi6_4_1_ from sys_user_role rolelist0_ inner join sys_role role1_ on rolelist0_.rid=role1_.rid where rolelist0_.uid=?
[2020-05-28 09:11:10] DEBUG 137 statementLog - {conn-10001, pstmt-20003} clearParameters. 
[2020-05-28 09:11:10] DEBUG 137 statementLog - {conn-10001, pstmt-20003} Parameters : [12]
[2020-05-28 09:11:10] DEBUG 137 statementLog - {conn-10001, pstmt-20003} Types : [BIGINT]
[2020-05-28 09:11:10] DEBUG 137 statementLog - {conn-10001, pstmt-20003, rs-50077} query executed. 14.621792 millis. select rolelist0_.uid as uid2_8_0_, rolelist0_.rid as rid1_8_0_, role1_.rid as rid1_4_1_, role1_.createTime as createTi2_4_1_, role1_.description as descript3_4_1_, role1_.role as role4_4_1_, role1_.status as status5_4_1_, role1_.updateTime as updateTi6_4_1_ from sys_user_role rolelist0_ inner join sys_role role1_ on rolelist0_.rid=role1_.rid where rolelist0_.uid=?
[2020-05-28 09:11:10] DEBUG 137 statementLog - {conn-10001, pstmt-20003} clearParameters. 
[2020-05-28 09:11:10] DEBUG 137 statementLog - {conn-10001, pstmt-20003} Parameters : [11]
[2020-05-28 09:11:10] DEBUG 137 statementLog - {conn-10001, pstmt-20003} Types : [BIGINT]
[2020-05-28 09:11:10] DEBUG 137 statementLog - {conn-10001, pstmt-20003, rs-50078} query executed. 10.345289 millis. select rolelist0_.uid as uid2_8_0_, rolelist0_.rid as rid1_8_0_, role1_.rid as rid1_4_1_, role1_.createTime as createTi2_4_1_, role1_.description as descript3_4_1_, role1_.role as role4_4_1_, role1_.status as status5_4_1_, role1_.updateTime as updateTi6_4_1_ from sys_user_role rolelist0_ inner join sys_role role1_ on rolelist0_.rid=role1_.rid where rolelist0_.uid=?
[2020-05-28 09:11:10] DEBUG 137 statementLog - {conn-10001, pstmt-20003} clearParameters. 
[2020-05-28 09:11:10] DEBUG 137 statementLog - {conn-10001, pstmt-20003} Parameters : [10]
[2020-05-28 09:11:10] DEBUG 137 statementLog - {conn-10001, pstmt-20003} Types : [BIGINT]
[2020-05-28 09:11:10] DEBUG 137 statementLog - {conn-10001, pstmt-20003, rs-50079} query executed. 2.741666 millis. select rolelist0_.uid as uid2_8_0_, rolelist0_.rid as rid1_8_0_, role1_.rid as rid1_4_1_, role1_.createTime as createTi2_4_1_, role1_.description as descript3_4_1_, role1_.role as role4_4_1_, role1_.status as status5_4_1_, role1_.updateTime as updateTi6_4_1_ from sys_user_role rolelist0_ inner join sys_role role1_ on rolelist0_.rid=role1_.rid where rolelist0_.uid=?
[2020-05-28 09:11:10] DEBUG 137 statementLog - {conn-10001, pstmt-20003} clearParameters. 
[2020-05-28 09:11:10] DEBUG 137 statementLog - {conn-10001, pstmt-20003} Parameters : [8]
[2020-05-28 09:11:10] DEBUG 137 statementLog - {conn-10001, pstmt-20003} Types : [BIGINT]
[2020-05-28 09:11:10] DEBUG 137 statementLog - {conn-10001, pstmt-20003, rs-50080} query executed. 8.804037 millis. select rolelist0_.uid as uid2_8_0_, rolelist0_.rid as rid1_8_0_, role1_.rid as rid1_4_1_, role1_.createTime as createTi2_4_1_, role1_.description as descript3_4_1_, role1_.role as role4_4_1_, role1_.status as status5_4_1_, role1_.updateTime as updateTi6_4_1_ from sys_user_role rolelist0_ inner join sys_role role1_ on rolelist0_.rid=role1_.rid where rolelist0_.uid=?
[2020-05-28 09:11:10] DEBUG 137 statementLog - {conn-10001, pstmt-20003} clearParameters. 
[2020-05-28 09:11:10] DEBUG 137 statementLog - {conn-10001, pstmt-20003} Parameters : [4]
[2020-05-28 09:11:10] DEBUG 137 statementLog - {conn-10001, pstmt-20003} Types : [BIGINT]
[2020-05-28 09:11:10] DEBUG 137 statementLog - {conn-10001, pstmt-20003, rs-50081} query executed. 3.027337 millis. select rolelist0_.uid as uid2_8_0_, rolelist0_.rid as rid1_8_0_, role1_.rid as rid1_4_1_, role1_.createTime as createTi2_4_1_, role1_.description as descript3_4_1_, role1_.role as role4_4_1_, role1_.status as status5_4_1_, role1_.updateTime as updateTi6_4_1_ from sys_user_role rolelist0_ inner join sys_role role1_ on rolelist0_.rid=role1_.rid where rolelist0_.uid=?
[2020-05-28 09:11:10] DEBUG 137 statementLog - {conn-10001, pstmt-20003} clearParameters. 
[2020-05-28 09:11:10] DEBUG 137 statementLog - {conn-10001, pstmt-20003} Parameters : [2]
[2020-05-28 09:11:10] DEBUG 137 statementLog - {conn-10001, pstmt-20003} Types : [BIGINT]
[2020-05-28 09:11:10] DEBUG 137 statementLog - {conn-10001, pstmt-20003, rs-50082} query executed. 3.110728 millis. select rolelist0_.uid as uid2_8_0_, rolelist0_.rid as rid1_8_0_, role1_.rid as rid1_4_1_, role1_.createTime as createTi2_4_1_, role1_.description as descript3_4_1_, role1_.role as role4_4_1_, role1_.status as status5_4_1_, role1_.updateTime as updateTi6_4_1_ from sys_user_role rolelist0_ inner join sys_role role1_ on rolelist0_.rid=role1_.rid where rolelist0_.uid=?
[2020-05-28 09:11:10] DEBUG 137 statementLog - {conn-10001, pstmt-20003} clearParameters. 
[2020-05-28 09:11:10] DEBUG 137 statementLog - {conn-10001, pstmt-20003} Parameters : [1]
[2020-05-28 09:11:10] DEBUG 137 statementLog - {conn-10001, pstmt-20003} Types : [BIGINT]
[2020-05-28 09:11:10] DEBUG 137 statementLog - {conn-10001, pstmt-20003, rs-50083} query executed. 2.014233 millis. select rolelist0_.uid as uid2_8_0_, rolelist0_.rid as rid1_8_0_, role1_.rid as rid1_4_1_, role1_.createTime as createTi2_4_1_, role1_.description as descript3_4_1_, role1_.role as role4_4_1_, role1_.status as status5_4_1_, role1_.updateTime as updateTi6_4_1_ from sys_user_role rolelist0_ inner join sys_role role1_ on rolelist0_.rid=role1_.rid where rolelist0_.uid=?
[2020-05-28 09:11:10] DEBUG 137 statementLog - {conn-10001, pstmt-20003} clearParameters. 
[2020-05-28 09:11:10] DEBUG 137 statementLog - {conn-10001, pstmt-20011} created. select count(user0_.uid) as col_0_0_ from sys_user user0_
[2020-05-28 09:11:10] DEBUG 137 statementLog - {conn-10001, pstmt-20011} Parameters : []
[2020-05-28 09:11:10] DEBUG 137 statementLog - {conn-10001, pstmt-20011} Types : []
[2020-05-28 09:11:10] DEBUG 137 statementLog - {conn-10001, pstmt-20011, rs-50084} query executed. 9.489988 millis. select count(user0_.uid) as col_0_0_ from sys_user user0_
[2020-05-28 09:11:10] DEBUG 137 statementLog - {conn-10001, pstmt-20011} clearParameters. 
[2020-05-28 09:51:49] DEBUG 137 statementLog - {conn-10001, pstmt-20012} created. insert into sys_operation_log (api, createTime, logName, message, method, succeed, userId) values (?, ?, ?, ?, ?, ?, ?)
[2020-05-28 09:51:49] DEBUG 137 statementLog - {conn-10001, pstmt-20012} Parameters : [/user/list/0/6, 2020-05-28 09:51:49.764, 业务操作日志, null, GET, 1, null]
[2020-05-28 09:51:49] DEBUG 137 statementLog - {conn-10001, pstmt-20012} Types : [VARCHAR, TIMESTAMP, VARCHAR, VARCHAR, VARCHAR, SMALLINT, VARCHAR]
[2020-05-28 09:51:49] DEBUG 137 statementLog - {conn-10001, pstmt-20012} update executed. effort 1. 8.810025 millis. insert into sys_operation_log (api, createTime, logName, message, method, succeed, userId) values (?, ?, ?, ?, ?, ?, ?)
[2020-05-28 09:51:49] DEBUG 137 statementLog - {conn-10001, pstmt-20012} clearParameters. 
